<?xml version="1.0" encoding="utf-8"?><testsuites name="pytest tests"><testsuite name="pytest" errors="0" failures="0" skipped="0" tests="13" time="4.445" timestamp="2026-05-08T03:20:50.375755+00:00" hostname="agent-env-4eb30587-0a6d-451d-af02-411be40938c5"><testcase classname="tests.test_aasha_api" name="test_health" time="0.340" /><testcase classname="tests.test_aasha_api" name="test_register_duplicate_and_login" time="0.899" /><testcase classname="tests.test_aasha_api" name="test_me" time="0.079" /><testcase classname="tests.test_aasha_api" name="test_otp_flow" time="0.216" /><testcase classname="tests.test_aasha_api" name="test_google_bogus" time="0.175" /><testcase classname="tests.test_aasha_api" name="test_profile_update" time="0.069" /><testcase classname="tests.test_aasha_api" name="test_search_users" time="0.072" /><testcase classname="tests.test_aasha_api" name="test_create_dm_idempotent_and_group" time="0.263" /><testcase classname="tests.test_aasha_api" name="test_list_conversations" time="0.064" /><testcase classname="tests.test_aasha_api" name="test_send_text_and_list" time="0.140" /><testcase classname="tests.test_aasha_api" name="test_file_upload_and_image_msg" time="0.554" /><testcase classname="tests.test_aasha_api" name="test_send_location_and_forward_and_delete" time="0.276" /><testcase classname="tests.test_aasha_api" name="test_websocket" time="1.221" /></testsuite></testsuites>